-------------------------------------------------------------------------------
Test set: com.ibizabroker.lms.LmsApplicationTests
-------------------------------------------------------------------------------
Tests run: 1, Failures: 0, Errors: 1, Skipped: 0, Time elapsed: 0.268 s <<< FAILURE! - in com.ibizabroker.lms.LmsApplicationTests
com.ibizabroker.lms.LmsApplicationTests  Time elapsed: 0.264 s  <<< ERROR!
java.lang.IllegalStateException: Unable to find a @SpringBootConfiguration, you need to use @ContextConfiguration or @SpringBootTest(classes=...) with your test

